<?xml version="1.0" encoding="UTF-8"?>
<testsuite xmlns:xsi="http://www.w3.org/2001/XMLSchema-instance" xsi:noNamespaceSchemaLocation="https://maven.apache.org/surefire/maven-surefire-plugin/xsd/surefire-test-report-3.0.xsd" version="3.0" name="com.example.deliverysystem.TestNotificationService" time="0.016" tests="3" errors="0" skipped="0" failures="0">
  <properties>
[...]
</properties>
  <testcase name="testSMSNotification" classname="com.example.deliverysystem.TestNotificationService" time="0.008">
    <system-out><![CDATA[SMS Notification: Test SMS Notification
]]></system-out>
  </testcase>
  <testcase name="testEmailNotification" classname="com.example.deliverysystem.TestNotificationService" time="0.001">
    <system-out><![CDATA[Email Notification: Test Email Notification
]]></system-out>
  </testcase>
  <testcase name="testInvalidNotificationType" classname="com.example.deliverysystem.TestNotificationService" time="0"/>
</testsuite>